<?xml version="1.0" encoding="UTF-8"?>
<testsuite xmlns:xsi="http://www.w3.org/2001/XMLSchema-instance" xsi:noNamespaceSchemaLocation="https://maven.apache.org/surefire/maven-surefire-plugin/xsd/surefire-test-report.xsd" name="daintiness.io.output.TEMExporterTest" time="0.003" tests="1" errors="0" skipped="0" failures="0">
  <properties>
    <property name="java.specification.version" value="15"/>
    <property name="sun.cpu.isalist" value="amd64"/>
    <property name="sun.jnu.encoding" value="Cp1252"/>
    <property name="java.class.path" value="D:\Users\pvassil\RESEARCH\Github\PlutarchParallelLives\target\test-classes;C:\Users\pvassil\.m2\repository\org\junit\jupiter\junit-jupiter-api\5.7.0\junit-jupiter-api-5.7.0.jar;C:\Users\pvassil\.m2\repository\org\apiguardian\apiguardian-api\1.1.0\apiguardian-api-1.1.0.jar;C:\Users\pvassil\.m2\repository\org\opentest4j\opentest4j\1.2.0\opentest4j-1.2.0.jar;C:\Users\pvassil\.m2\repository\org\junit\platform\junit-platform-commons\1.7.0\junit-platform-commons-1.7.0.jar;C:\Users\pvassil\.m2\repository\org\junit\jupiter\junit-jupiter-engine\5.7.0\junit-jupiter-engine-5.7.0.jar;C:\Users\pvassil\.m2\repository\org\junit\platform\junit-platform-engine\1.7.0\junit-platform-engine-1.7.0.jar;C:\Users\pvassil\.m2\repository\org\junit\jupiter\junit-jupiter-params\5.7.0\junit-jupiter-params-5.7.0.jar;C:\Users\pvassil\.m2\repository\org\openjfx\javafx-fxml\11-ea+25\javafx-fxml-11-ea+25.jar;C:\Users\pvassil\.m2\repository\org\openjfx\javafx-base\11-ea+25\javafx-base-11-ea+25.jar;C:\Users\pvassil\.m2\repository\org\openjfx\javafx-swing\11-ea+25\javafx-swing-11-ea+25.jar;C:\Users\pvassil\.m2\repository\org\openjfx\javafx-controls\11-ea+25\javafx-controls-11-ea+25.jar;C:\Users\pvassil\.m2\repository\org\openjfx\javafx-graphics\11-ea+25\javafx-graphics-11-ea+25.jar;C:\Users\pvassil\.m2\repository\org\openjfx\javafx-media\11-ea+25\javafx-media-11-ea+25.jar;C:\Users\pvassil\.m2\repository\org\openjfx\javafx-media\11-ea+25\javafx-media-11-ea+25-win.jar;"/>
    <property name="java.vm.vendor" value="Oracle Corporation"/>
    <property name="sun.arch.data.model" value="64"/>
    <property name="user.variant" value=""/>
    <property name="java.vendor.url" value="https://java.oracle.com/"/>
    <property name="user.timezone" value="Europe/Athens"/>
    <property name="user.country.format" value="GR"/>
    <property name="os.name" value="Windows 10"/>
    <property name="java.vm.specification.version" value="15"/>
    <property name="sun.java.launcher" value="SUN_STANDARD"/>
    <property name="user.country" value="US"/>
    <property name="sun.boot.library.path" value="C:\Program Files\Java\jdk-15.0.1\bin"/>
    <property name="sun.java.command" value="org.apache.maven.surefire.booter.ForkedBooter C:\Users\pvassil\AppData\Local\Temp\surefire8033631787937972358 2021-03-02T12-46-21_134-jvmRun1 surefire5837377828816654322tmp surefire_03921173621205971016tmp"/>
    <property name="jdk.debug" value="release"/>
    <property name="surefire.test.class.path" value="D:\Users\pvassil\RESEARCH\Github\PlutarchParallelLives\target\test-classes;C:\Users\pvassil\.m2\repository\org\junit\jupiter\junit-jupiter-api\5.7.0\junit-jupiter-api-5.7.0.jar;C:\Users\pvassil\.m2\repository\org\apiguardian\apiguardian-api\1.1.0\apiguardian-api-1.1.0.jar;C:\Users\pvassil\.m2\repository\org\opentest4j\opentest4j\1.2.0\opentest4j-1.2.0.jar;C:\Users\pvassil\.m2\repository\org\junit\platform\junit-platform-commons\1.7.0\junit-platform-commons-1.7.0.jar;C:\Users\pvassil\.m2\repository\org\junit\jupiter\junit-jupiter-engine\5.7.0\junit-jupiter-engine-5.7.0.jar;C:\Users\pvassil\.m2\repository\org\junit\platform\junit-platform-engine\1.7.0\junit-platform-engine-1.7.0.jar;C:\Users\pvassil\.m2\repository\org\junit\jupiter\junit-jupiter-params\5.7.0\junit-jupiter-params-5.7.0.jar;C:\Users\pvassil\.m2\repository\org\openjfx\javafx-fxml\11-ea+25\javafx-fxml-11-ea+25.jar;C:\Users\pvassil\.m2\repository\org\openjfx\javafx-base\11-ea+25\javafx-base-11-ea+25.jar;C:\Users\pvassil\.m2\repository\org\openjfx\javafx-swing\11-ea+25\javafx-swing-11-ea+25.jar;C:\Users\pvassil\.m2\repository\org\openjfx\javafx-controls\11-ea+25\javafx-controls-11-ea+25.jar;C:\Users\pvassil\.m2\repository\org\openjfx\javafx-graphics\11-ea+25\javafx-graphics-11-ea+25.jar;C:\Users\pvassil\.m2\repository\org\openjfx\javafx-media\11-ea+25\javafx-media-11-ea+25.jar;C:\Users\pvassil\.m2\repository\org\openjfx\javafx-media\11-ea+25\javafx-media-11-ea+25-win.jar;"/>
    <property name="sun.cpu.endian" value="little"/>
    <property name="user.home" value="C:\Users\pvassil"/>
    <property name="user.language" value="en"/>
    <property name="java.specification.vendor" value="Oracle Corporation"/>
    <property name="jdk.module.path" value="D:\Users\pvassil\RESEARCH\Github\PlutarchParallelLives\target\classes;C:\Users\pvassil\.m2\repository\org\openjfx\javafx-fxml\11-ea+25\javafx-fxml-11-ea+25-win.jar;C:\Users\pvassil\.m2\repository\org\openjfx\javafx-base\11-ea+25\javafx-base-11-ea+25-win.jar;C:\Users\pvassil\.m2\repository\org\openjfx\javafx-swing\11-ea+25\javafx-swing-11-ea+25-win.jar;C:\Users\pvassil\.m2\repository\org\openjfx\javafx-controls\11-ea+25\javafx-controls-11-ea+25-win.jar;C:\Users\pvassil\.m2\repository\org\openjfx\javafx-graphics\11-ea+25\javafx-graphics-11-ea+25-win.jar"/>
    <property name="java.version.date" value="2020-10-20"/>
    <property name="java.home" value="C:\Program Files\Java\jdk-15.0.1"/>
    <property name="file.separator" value="\"/>
    <property name="basedir" value="D:\Users\pvassil\RESEARCH\Github\PlutarchParallelLives"/>
    <property name="java.vm.compressedOopsMode" value="32-bit"/>
    <property name="line.separator" value="&#10;"/>
    <property name="java.vm.specification.vendor" value="Oracle Corporation"/>
    <property name="java.specification.name" value="Java Platform API Specification"/>
    <property name="surefire.real.class.path" value="C:\Users\pvassil\.m2\repository\org\apache\maven\surefire\surefire-booter\2.22.1\surefire-booter-2.22.1.jar;C:\Users\pvassil\.m2\repository\org\apache\maven\surefire\surefire-api\2.22.1\surefire-api-2.22.1.jar;C:\Users\pvassil\.m2\repository\org\apache\maven\surefire\surefire-logger-api\2.22.1\surefire-logger-api-2.22.1.jar;D:\Users\pvassil\RESEARCH\Github\PlutarchParallelLives\target\test-classes;C:\Users\pvassil\.m2\repository\org\junit\jupiter\junit-jupiter-api\5.7.0\junit-jupiter-api-5.7.0.jar;C:\Users\pvassil\.m2\repository\org\apiguardian\apiguardian-api\1.1.0\apiguardian-api-1.1.0.jar;C:\Users\pvassil\.m2\repository\org\opentest4j\opentest4j\1.2.0\opentest4j-1.2.0.jar;C:\Users\pvassil\.m2\repository\org\junit\platform\junit-platform-commons\1.7.0\junit-platform-commons-1.7.0.jar;C:\Users\pvassil\.m2\repository\org\junit\jupiter\junit-jupiter-engine\5.7.0\junit-jupiter-engine-5.7.0.jar;C:\Users\pvassil\.m2\repository\org\junit\platform\junit-platform-engine\1.7.0\junit-platform-engine-1.7.0.jar;C:\Users\pvassil\.m2\repository\org\junit\jupiter\junit-jupiter-params\5.7.0\junit-jupiter-params-5.7.0.jar;C:\Users\pvassil\.m2\repository\org\openjfx\javafx-fxml\11-ea+25\javafx-fxml-11-ea+25.jar;C:\Users\pvassil\.m2\repository\org\openjfx\javafx-base\11-ea+25\javafx-base-11-ea+25.jar;C:\Users\pvassil\.m2\repository\org\openjfx\javafx-swing\11-ea+25\javafx-swing-11-ea+25.jar;C:\Users\pvassil\.m2\repository\org\openjfx\javafx-controls\11-ea+25\javafx-controls-11-ea+25.jar;C:\Users\pvassil\.m2\repository\org\openjfx\javafx-graphics\11-ea+25\javafx-graphics-11-ea+25.jar;C:\Users\pvassil\.m2\repository\org\openjfx\javafx-media\11-ea+25\javafx-media-11-ea+25.jar;C:\Users\pvassil\.m2\repository\org\openjfx\javafx-media\11-ea+25\javafx-media-11-ea+25-win.jar;C:\Users\pvassil\.m2\repository\org\apache\maven\surefire\surefire-junit-platform\2.22.1\surefire-junit-platform-2.22.1.jar;C:\Users\pvassil\.m2\repository\org\junit\platform\junit-platform-launcher\1.3.1\junit-platform-launcher-1.3.1.jar"/>
    <property name="user.script" value=""/>
    <property name="sun.management.compiler" value="HotSpot 64-Bit Tiered Compilers"/>
    <property name="java.runtime.version" value="15.0.1+9-18"/>
    <property name="user.name" value="pvassil"/>
    <property name="path.separator" value=";"/>
    <property name="os.version" value="10.0"/>
    <property name="java.runtime.name" value="OpenJDK Runtime Environment"/>
    <property name="file.encoding" value="Cp1253"/>
    <property name="java.vm.name" value="OpenJDK 64-Bit Server VM"/>
    <property name="localRepository" value="C:\Users\pvassil\.m2\repository"/>
    <property name="java.vendor.url.bug" value="https://bugreport.java.com/bugreport/"/>
    <property name="java.io.tmpdir" value="C:\Users\pvassil\AppData\Local\Temp\"/>
    <property name="java.version" value="15.0.1"/>
    <property name="user.dir" value="D:\Users\pvassil\RESEARCH\Github\PlutarchParallelLives"/>
    <property name="os.arch" value="amd64"/>
    <property name="java.vm.specification.name" value="Java Virtual Machine Specification"/>
    <property name="user.language.format" value="el"/>
    <property name="sun.os.patch.level" value=""/>
    <property name="java.library.path" value="C:\Program Files\Java\jdk-15.0.1\bin;C:\WINDOWS\Sun\Java\bin;C:\WINDOWS\system32;C:\WINDOWS;C:\Program Files (x86)\Common Files\Oracle\Java\javapath;C:\Program Files (x86)\Python38-32\Scripts\;C:\Program Files (x86)\Python38-32\;C:\Program Files (x86)\Python36-32\Scripts\;C:\Program Files (x86)\Python36-32\;C:\Program Files (x86)\Intel\iCLS Client\;C:\Program Files\Intel\iCLS Client\;C:\WINDOWS\system32;C:\WINDOWS;C:\WINDOWS\System32\Wbem;C:\WINDOWS\System32\WindowsPowerShell\v1.0\;C:\Program Files (x86)\Intel\Intel(R) Management Engine Components\DAL;C:\Program Files\Intel\Intel(R) Management Engine Components\DAL;C:\Program Files (x86)\Intel\Intel(R) Management Engine Components\IPT;C:\Program Files\Intel\Intel(R) Management Engine Components\IPT;C:\Program Files\MiKTeX 2.9\miktex\bin\x64\;C:\Program Files (x86)\Pandoc\;C:\WINDOWS\System32\OpenSSH\;C:\spark-2.3.1-bin-hadoop2.7\bin;C:\Program Files\Git\cmd;C:\Program Files (x86)\PDFtk\bin\;C:\Program Files\Intel\WiFi\bin\;C:\Program Files\Common Files\Intel\WirelessCommon\;C:\Program Files\TortoiseSVN\bin;C:\Program Files\Gemalto\Classic Client\BIN;C:\Program Files (x86)\Gemalto\Classic Client\BIN;C:\Program Files\Java\jdk-14.0.2;C:\Program Files\Java\jdk-14.0.2\bin;C:\Program Files\Maven\apache-maven-3.6.3\bin;C:\Program Files\MySQL\MySQL Shell 8.0\bin\;C:\Users\pvassil\AppData\Local\Microsoft\WindowsApps;."/>
    <property name="java.vm.info" value="mixed mode"/>
    <property name="java.vendor" value="Oracle Corporation"/>
    <property name="java.vm.version" value="15.0.1+9-18"/>
    <property name="sun.io.unicode.encoding" value="UnicodeLittle"/>
    <property name="java.class.version" value="59.0"/>
  </properties>
  <testcase name="exportPopulationHistoryToTsvTest" classname="daintiness.io.output.TEMExporterTest" time="0"/>
</testsuite>